2012/07/03 11:24:09 [error] [exception.CHttpException.404] exception 'CHttpException' with message 'Unable to resolve the request "~about".' in /opt/lampp/htdocs/yii/framework/web/CWebApplication.php:280
Stack trace:
#0 /opt/lampp/htdocs/yii/framework/web/CWebApplication.php(135): CWebApplication->runController('~about')
#1 /opt/lampp/htdocs/yii/framework/base/CApplication.php(162): CWebApplication->processRequest()
#2 /opt/lampp/htdocs/trackstar/index.php(13): CApplication->run()
#3 {main}
REQUEST_URI=/trackstar/~about
HTTP_REFERER=http://localhost/trackstar/site/contact
---
2012/07/03 11:32:23 [error] [exception.CHttpException.404] exception 'CHttpException' with message 'The requested view "gii" was not found.' in /opt/lampp/htdocs/yii/framework/web/actions/CViewAction.php:113
Stack trace:
#0 /opt/lampp/htdocs/yii/framework/web/actions/CViewAction.php(124): CViewAction->resolveView('gii')
#1 /opt/lampp/htdocs/yii/framework/web/actions/CAction.php(75): CViewAction->run()
#2 /opt/lampp/htdocs/yii/framework/web/CController.php(309): CAction->runWithParams(Array)
#3 /opt/lampp/htdocs/yii/framework/web/CController.php(287): CController->runAction(Object(CViewAction))
#4 /opt/lampp/htdocs/yii/framework/web/CController.php(266): CController->runActionWithFilters(Object(CViewAction), Array)
#5 /opt/lampp/htdocs/yii/framework/web/CWebApplication.php(276): CController->run('page')
#6 /opt/lampp/htdocs/yii/framework/web/CWebApplication.php(135): CWebApplication->runController('site/page')
#7 /opt/lampp/htdocs/yii/framework/base/CApplication.php(162): CWebApplication->processRequest()
#8 /opt/lampp/htdocs/trackstar/index.php(13): CApplication->run()
#9 {main}
REQUEST_URI=/trackstar/gii
---
2012/07/03 11:33:00 [error] [exception.CHttpException.404] exception 'CHttpException' with message 'The system is unable to find the requested action "gii".' in /opt/lampp/htdocs/yii/framework/web/CController.php:484
Stack trace:
#0 /opt/lampp/htdocs/yii/framework/web/CController.php(271): CController->missingAction('gii')
#1 /opt/lampp/htdocs/yii/framework/web/CWebApplication.php(276): CController->run('gii')
#2 /opt/lampp/htdocs/yii/framework/web/CWebApplication.php(135): CWebApplication->runController('site/gii')
#3 /opt/lampp/htdocs/yii/framework/base/CApplication.php(162): CWebApplication->processRequest()
#4 /opt/lampp/htdocs/trackstar/index.php(13): CApplication->run()
#5 {main}
REQUEST_URI=/trackstar/site/gii
---
2012/07/03 11:33:15 [error] [exception.CHttpException.404] exception 'CHttpException' with message 'The system is unable to find the requested action "gii".' in /opt/lampp/htdocs/yii/framework/web/CController.php:484
Stack trace:
#0 /opt/lampp/htdocs/yii/framework/web/CController.php(271): CController->missingAction('gii')
#1 /opt/lampp/htdocs/yii/framework/web/CWebApplication.php(276): CController->run('gii')
#2 /opt/lampp/htdocs/yii/framework/web/CWebApplication.php(135): CWebApplication->runController('site/gii')
#3 /opt/lampp/htdocs/yii/framework/base/CApplication.php(162): CWebApplication->processRequest()
#4 /opt/lampp/htdocs/trackstar/index.php(13): CApplication->run()
#5 {main}
REQUEST_URI=/trackstar/site/gii.html
---
2012/07/03 11:33:41 [error] [exception.CHttpException.404] exception 'CHttpException' with message 'The system is unable to find the requested action "gii".' in /opt/lampp/htdocs/yii/framework/web/CController.php:484
Stack trace:
#0 /opt/lampp/htdocs/yii/framework/web/CController.php(271): CController->missingAction('gii')
#1 /opt/lampp/htdocs/yii/framework/web/CWebApplication.php(276): CController->run('gii')
#2 /opt/lampp/htdocs/yii/framework/web/CWebApplication.php(135): CWebApplication->runController('site/gii')
#3 /opt/lampp/htdocs/yii/framework/base/CApplication.php(162): CWebApplication->processRequest()
#4 /opt/lampp/htdocs/trackstar/index.php(13): CApplication->run()
#5 {main}
REQUEST_URI=/trackstar/site/gii.html
---
2012/07/03 11:34:05 [error] [exception.CHttpException.404] exception 'CHttpException' with message 'The requested view "gii" was not found.' in /opt/lampp/htdocs/yii/framework/web/actions/CViewAction.php:113
Stack trace:
#0 /opt/lampp/htdocs/yii/framework/web/actions/CViewAction.php(124): CViewAction->resolveView('gii')
#1 /opt/lampp/htdocs/yii/framework/web/actions/CAction.php(75): CViewAction->run()
#2 /opt/lampp/htdocs/yii/framework/web/CController.php(309): CAction->runWithParams(Array)
#3 /opt/lampp/htdocs/yii/framework/web/CController.php(287): CController->runAction(Object(CViewAction))
#4 /opt/lampp/htdocs/yii/framework/web/CController.php(266): CController->runActionWithFilters(Object(CViewAction), Array)
#5 /opt/lampp/htdocs/yii/framework/web/CWebApplication.php(276): CController->run('page')
#6 /opt/lampp/htdocs/yii/framework/web/CWebApplication.php(135): CWebApplication->runController('site/page')
#7 /opt/lampp/htdocs/yii/framework/base/CApplication.php(162): CWebApplication->processRequest()
#8 /opt/lampp/htdocs/trackstar/index.php(13): CApplication->run()
#9 {main}
REQUEST_URI=/trackstar/gii.html
---
2012/07/03 11:42:33 [error] [exception.CHttpException.404] exception 'CHttpException' with message 'The system is unable to find the requested action "gii".' in /opt/lampp/htdocs/yii/framework/web/CController.php:484
Stack trace:
#0 /opt/lampp/htdocs/yii/framework/web/CController.php(271): CController->missingAction('gii')
#1 /opt/lampp/htdocs/yii/framework/web/CWebApplication.php(276): CController->run('gii')
#2 /opt/lampp/htdocs/yii/framework/web/CWebApplication.php(135): CWebApplication->runController('site/gii')
#3 /opt/lampp/htdocs/yii/framework/base/CApplication.php(162): CWebApplication->processRequest()
#4 /opt/lampp/htdocs/trackstar/index.php(13): CApplication->run()
#5 {main}
REQUEST_URI=/trackstar/site/gii
---
2012/07/03 11:42:58 [error] [exception.CHttpException.404] exception 'CHttpException' with message 'The system is unable to find the requested action "gii".' in /opt/lampp/htdocs/yii/framework/web/CController.php:484
Stack trace:
#0 /opt/lampp/htdocs/yii/framework/web/CController.php(271): CController->missingAction('gii')
#1 /opt/lampp/htdocs/yii/framework/web/CWebApplication.php(276): CController->run('gii')
#2 /opt/lampp/htdocs/yii/framework/web/CWebApplication.php(135): CWebApplication->runController('site/gii')
#3 /opt/lampp/htdocs/yii/framework/base/CApplication.php(162): CWebApplication->processRequest()
#4 /opt/lampp/htdocs/trackstar/index.php(13): CApplication->run()
#5 {main}
REQUEST_URI=/trackstar/site/gii
---
2012/07/03 11:43:17 [error] [exception.CHttpException.404] exception 'CHttpException' with message 'The requested view "gii" was not found.' in /opt/lampp/htdocs/yii/framework/web/actions/CViewAction.php:113
Stack trace:
#0 /opt/lampp/htdocs/yii/framework/web/actions/CViewAction.php(124): CViewAction->resolveView('gii')
#1 /opt/lampp/htdocs/yii/framework/web/actions/CAction.php(75): CViewAction->run()
#2 /opt/lampp/htdocs/yii/framework/web/CController.php(309): CAction->runWithParams(Array)
#3 /opt/lampp/htdocs/yii/framework/web/CController.php(287): CController->runAction(Object(CViewAction))
#4 /opt/lampp/htdocs/yii/framework/web/CController.php(266): CController->runActionWithFilters(Object(CViewAction), Array)
#5 /opt/lampp/htdocs/yii/framework/web/CWebApplication.php(276): CController->run('page')
#6 /opt/lampp/htdocs/yii/framework/web/CWebApplication.php(135): CWebApplication->runController('site/page')
#7 /opt/lampp/htdocs/yii/framework/base/CApplication.php(162): CWebApplication->processRequest()
#8 /opt/lampp/htdocs/trackstar/index.php(13): CApplication->run()
#9 {main}
REQUEST_URI=/trackstar/index.php/gii
---
2012/07/03 11:46:31 [error] [exception.CHttpException.404] exception 'CHttpException' with message 'The system is unable to find the requested action "gii".' in /opt/lampp/htdocs/yii/framework/web/CController.php:484
Stack trace:
#0 /opt/lampp/htdocs/yii/framework/web/CController.php(271): CController->missingAction('gii')
#1 /opt/lampp/htdocs/yii/framework/web/CWebApplication.php(276): CController->run('gii')
#2 /opt/lampp/htdocs/yii/framework/web/CWebApplication.php(135): CWebApplication->runController('site/gii/defaul...')
#3 /opt/lampp/htdocs/yii/framework/base/CApplication.php(162): CWebApplication->processRequest()
#4 /opt/lampp/htdocs/trackstar/index.php(13): CApplication->run()
#5 {main}
REQUEST_URI=/trackstar/site/gii/default/login.html
---
2012/07/03 11:46:47 [error] [exception.CDbException] exception 'CDbException' with message 'CDbConnection failed to open the DB connection: SQLSTATE[42000] [1049] Unknown database 'testdrive'' in /opt/lampp/htdocs/yii/framework/db/CDbConnection.php:382
Stack trace:
#0 /opt/lampp/htdocs/yii/framework/db/CDbConnection.php(331): CDbConnection->open()
#1 /opt/lampp/htdocs/yii/framework/db/CDbConnection.php(309): CDbConnection->setActive(true)
#2 /opt/lampp/htdocs/yii/framework/base/CModule.php(388): CDbConnection->init()
#3 /opt/lampp/htdocs/yii/framework/base/CModule.php(104): CModule->getComponent('db')
#4 /opt/lampp/htdocs/yii/framework/gii/generators/model/ModelCode.php(54): CModule->__get('db')
#5 /opt/lampp/htdocs/yii/framework/web/CFormModel.php(40): ModelCode->init()
#6 /opt/lampp/htdocs/yii/framework/gii/CCodeGenerator.php(152): CFormModel->__construct()
#7 /opt/lampp/htdocs/yii/framework/gii/CCodeGenerator.php(64): CCodeGenerator->prepare()
#8 /opt/lampp/htdocs/yii/framework/web/actions/CInlineAction.php(50): CCodeGenerator->actionIndex()
#9 /opt/lampp/htdocs/yii/framework/web/CController.php(309): CInlineAction->runWithParams(Array)
#10 /opt/lampp/htdocs/yii/framework/web/CController.php(287): CController->runAction(Object(CInlineAction))
#11 /opt/lampp/htdocs/yii/framework/web/CController.php(266): CController->runActionWithFilters(Object(CInlineAction), Array)
#12 /opt/lampp/htdocs/yii/framework/web/CWebApplication.php(276): CController->run('')
#13 /opt/lampp/htdocs/yii/framework/web/CWebApplication.php(135): CWebApplication->runController('gii/model')
#14 /opt/lampp/htdocs/yii/framework/base/CApplication.php(162): CWebApplication->processRequest()
#15 /opt/lampp/htdocs/trackstar/index.php(13): CApplication->run()
#16 {main}
REQUEST_URI=/trackstar/gii/model.html
HTTP_REFERER=http://localhost/trackstar/gii/default/index.html
---
2012/07/04 03:01:23 [error] [exception.CHttpException.404] exception 'CHttpException' with message 'The requested view "project" was not found.' in /opt/lampp/htdocs/yii/framework/web/actions/CViewAction.php:113
Stack trace:
#0 /opt/lampp/htdocs/yii/framework/web/actions/CViewAction.php(124): CViewAction->resolveView('project')
#1 /opt/lampp/htdocs/yii/framework/web/actions/CAction.php(75): CViewAction->run()
#2 /opt/lampp/htdocs/yii/framework/web/CController.php(309): CAction->runWithParams(Array)
#3 /opt/lampp/htdocs/yii/framework/web/CController.php(287): CController->runAction(Object(CViewAction))
#4 /opt/lampp/htdocs/yii/framework/web/CController.php(266): CController->runActionWithFilters(Object(CViewAction), Array)
#5 /opt/lampp/htdocs/yii/framework/web/CWebApplication.php(276): CController->run('page')
#6 /opt/lampp/htdocs/yii/framework/web/CWebApplication.php(135): CWebApplication->runController('site/page')
#7 /opt/lampp/htdocs/yii/framework/base/CApplication.php(162): CWebApplication->processRequest()
#8 /opt/lampp/htdocs/trackstar/index.php(13): CApplication->run()
#9 {main}
REQUEST_URI=/trackstar/project.html
HTTP_REFERER=http://localhost/trackstar/gii/crud.html
---
2012/07/04 03:02:47 [error] [exception.CHttpException.404] exception 'CHttpException' with message 'The requested view "gii" was not found.' in /opt/lampp/htdocs/yii/framework/web/actions/CViewAction.php:113
Stack trace:
#0 /opt/lampp/htdocs/yii/framework/web/actions/CViewAction.php(124): CViewAction->resolveView('gii')
#1 /opt/lampp/htdocs/yii/framework/web/actions/CAction.php(75): CViewAction->run()
#2 /opt/lampp/htdocs/yii/framework/web/CController.php(309): CAction->runWithParams(Array)
#3 /opt/lampp/htdocs/yii/framework/web/CController.php(287): CController->runAction(Object(CViewAction))
#4 /opt/lampp/htdocs/yii/framework/web/CController.php(266): CController->runActionWithFilters(Object(CViewAction), Array)
#5 /opt/lampp/htdocs/yii/framework/web/CWebApplication.php(276): CController->run('page')
#6 /opt/lampp/htdocs/yii/framework/web/CWebApplication.php(135): CWebApplication->runController('site/page')
#7 /opt/lampp/htdocs/yii/framework/base/CApplication.php(162): CWebApplication->processRequest()
#8 /opt/lampp/htdocs/trackstar/index.php(13): CApplication->run()
#9 {main}
REQUEST_URI=/trackstar/gii.html
HTTP_REFERER=http://localhost/trackstar/gii/crud.html
---
2012/07/04 03:03:01 [error] [exception.CHttpException.404] exception 'CHttpException' with message 'Unable to resolve the request "gii/login".' in /opt/lampp/htdocs/yii/framework/web/CWebApplication.php:280
Stack trace:
#0 /opt/lampp/htdocs/yii/framework/web/CWebApplication.php(135): CWebApplication->runController('gii/login')
#1 /opt/lampp/htdocs/yii/framework/base/CApplication.php(162): CWebApplication->processRequest()
#2 /opt/lampp/htdocs/trackstar/index.php(13): CApplication->run()
#3 {main}
REQUEST_URI=/trackstar/gii/login.html
---
2012/07/04 03:03:08 [error] [exception.CHttpException.404] exception 'CHttpException' with message 'The requested view "gii" was not found.' in /opt/lampp/htdocs/yii/framework/web/actions/CViewAction.php:113
Stack trace:
#0 /opt/lampp/htdocs/yii/framework/web/actions/CViewAction.php(124): CViewAction->resolveView('gii')
#1 /opt/lampp/htdocs/yii/framework/web/actions/CAction.php(75): CViewAction->run()
#2 /opt/lampp/htdocs/yii/framework/web/CController.php(309): CAction->runWithParams(Array)
#3 /opt/lampp/htdocs/yii/framework/web/CController.php(287): CController->runAction(Object(CViewAction))
#4 /opt/lampp/htdocs/yii/framework/web/CController.php(266): CController->runActionWithFilters(Object(CViewAction), Array)
#5 /opt/lampp/htdocs/yii/framework/web/CWebApplication.php(276): CController->run('page')
#6 /opt/lampp/htdocs/yii/framework/web/CWebApplication.php(135): CWebApplication->runController('site/page')
#7 /opt/lampp/htdocs/yii/framework/base/CApplication.php(162): CWebApplication->processRequest()
#8 /opt/lampp/htdocs/trackstar/index.php(13): CApplication->run()
#9 {main}
REQUEST_URI=/trackstar/gii.html
HTTP_REFERER=http://localhost/trackstar/gii/login.html
---
2012/07/04 03:03:16 [error] [exception.CHttpException.404] exception 'CHttpException' with message 'Unable to resolve the request "gii/CRUD".' in /opt/lampp/htdocs/yii/framework/web/CWebApplication.php:280
Stack trace:
#0 /opt/lampp/htdocs/yii/framework/web/CWebApplication.php(135): CWebApplication->runController('gii/CRUD')
#1 /opt/lampp/htdocs/yii/framework/base/CApplication.php(162): CWebApplication->processRequest()
#2 /opt/lampp/htdocs/trackstar/index.php(13): CApplication->run()
#3 {main}
REQUEST_URI=/trackstar/gii/CRUD.html
---
2012/07/04 03:04:14 [error] [exception.CHttpException.400] exception 'CHttpException' with message 'Your request is invalid.' in /opt/lampp/htdocs/yii/framework/web/CController.php:337
Stack trace:
#0 /opt/lampp/htdocs/yii/framework/web/CController.php(310): CController->invalidActionParams(Object(CInlineAction))
#1 /opt/lampp/htdocs/yii/framework/web/filters/CFilterChain.php(134): CController->runAction(Object(CInlineAction))
#2 /opt/lampp/htdocs/yii/framework/web/filters/CFilter.php(41): CFilterChain->run()
#3 /opt/lampp/htdocs/yii/framework/web/CController.php(1146): CFilter->filter(Object(CFilterChain))
#4 /opt/lampp/htdocs/yii/framework/web/filters/CInlineFilter.php(59): CController->filterAccessControl(Object(CFilterChain))
#5 /opt/lampp/htdocs/yii/framework/web/filters/CFilterChain.php(131): CInlineFilter->filter(Object(CFilterChain))
#6 /opt/lampp/htdocs/yii/framework/web/CController.php(292): CFilterChain->run()
#7 /opt/lampp/htdocs/yii/framework/web/CController.php(266): CController->runActionWithFilters(Object(CInlineAction), Array)
#8 /opt/lampp/htdocs/yii/framework/web/CWebApplication.php(276): CController->run('view')
#9 /opt/lampp/htdocs/yii/framework/web/CWebApplication.php(135): CWebApplication->runController('project/view')
#10 /opt/lampp/htdocs/yii/framework/base/CApplication.php(162): CWebApplication->processRequest()
#11 /opt/lampp/htdocs/trackstar/index.php(13): CApplication->run()
#12 {main}
REQUEST_URI=/trackstar/project/view.html
---
2012/07/04 03:04:31 [error] [exception.CHttpException.404] exception 'CHttpException' with message 'The system is unable to find the requested action "project".' in /opt/lampp/htdocs/yii/framework/web/CController.php:484
Stack trace:
#0 /opt/lampp/htdocs/yii/framework/web/CController.php(271): CController->missingAction('project')
#1 /opt/lampp/htdocs/yii/framework/web/CWebApplication.php(276): CController->run('project')
#2 /opt/lampp/htdocs/yii/framework/web/CWebApplication.php(135): CWebApplication->runController('site/project')
#3 /opt/lampp/htdocs/yii/framework/base/CApplication.php(162): CWebApplication->processRequest()
#4 /opt/lampp/htdocs/trackstar/index.php(13): CApplication->run()
#5 {main}
REQUEST_URI=/trackstar/site/project.html
---
2012/07/04 03:04:42 [error] [exception.CHttpException.404] exception 'CHttpException' with message 'The requested view "project" was not found.' in /opt/lampp/htdocs/yii/framework/web/actions/CViewAction.php:113
Stack trace:
#0 /opt/lampp/htdocs/yii/framework/web/actions/CViewAction.php(124): CViewAction->resolveView('project')
#1 /opt/lampp/htdocs/yii/framework/web/actions/CAction.php(75): CViewAction->run()
#2 /opt/lampp/htdocs/yii/framework/web/CController.php(309): CAction->runWithParams(Array)
#3 /opt/lampp/htdocs/yii/framework/web/CController.php(287): CController->runAction(Object(CViewAction))
#4 /opt/lampp/htdocs/yii/framework/web/CController.php(266): CController->runActionWithFilters(Object(CViewAction), Array)
#5 /opt/lampp/htdocs/yii/framework/web/CWebApplication.php(276): CController->run('page')
#6 /opt/lampp/htdocs/yii/framework/web/CWebApplication.php(135): CWebApplication->runController('site/page')
#7 /opt/lampp/htdocs/yii/framework/base/CApplication.php(162): CWebApplication->processRequest()
#8 /opt/lampp/htdocs/trackstar/index.php(13): CApplication->run()
#9 {main}
REQUEST_URI=/trackstar/project.html
---
2012/07/04 03:04:46 [error] [exception.CHttpException.404] exception 'CHttpException' with message 'The requested view "project" was not found.' in /opt/lampp/htdocs/yii/framework/web/actions/CViewAction.php:113
Stack trace:
#0 /opt/lampp/htdocs/yii/framework/web/actions/CViewAction.php(124): CViewAction->resolveView('project')
#1 /opt/lampp/htdocs/yii/framework/web/actions/CAction.php(75): CViewAction->run()
#2 /opt/lampp/htdocs/yii/framework/web/CController.php(309): CAction->runWithParams(Array)
#3 /opt/lampp/htdocs/yii/framework/web/CController.php(287): CController->runAction(Object(CViewAction))
#4 /opt/lampp/htdocs/yii/framework/web/CController.php(266): CController->runActionWithFilters(Object(CViewAction), Array)
#5 /opt/lampp/htdocs/yii/framework/web/CWebApplication.php(276): CController->run('page')
#6 /opt/lampp/htdocs/yii/framework/web/CWebApplication.php(135): CWebApplication->runController('site/page')
#7 /opt/lampp/htdocs/yii/framework/base/CApplication.php(162): CWebApplication->processRequest()
#8 /opt/lampp/htdocs/trackstar/index.php(13): CApplication->run()
#9 {main}
REQUEST_URI=/trackstar/project
---
2012/07/04 03:05:07 [error] [exception.CHttpException.404] exception 'CHttpException' with message 'The requested view "projects" was not found.' in /opt/lampp/htdocs/yii/framework/web/actions/CViewAction.php:113
Stack trace:
#0 /opt/lampp/htdocs/yii/framework/web/actions/CViewAction.php(124): CViewAction->resolveView('projects')
#1 /opt/lampp/htdocs/yii/framework/web/actions/CAction.php(75): CViewAction->run()
#2 /opt/lampp/htdocs/yii/framework/web/CController.php(309): CAction->runWithParams(Array)
#3 /opt/lampp/htdocs/yii/framework/web/CController.php(287): CController->runAction(Object(CViewAction))
#4 /opt/lampp/htdocs/yii/framework/web/CController.php(266): CController->runActionWithFilters(Object(CViewAction), Array)
#5 /opt/lampp/htdocs/yii/framework/web/CWebApplication.php(276): CController->run('page')
#6 /opt/lampp/htdocs/yii/framework/web/CWebApplication.php(135): CWebApplication->runController('site/page')
#7 /opt/lampp/htdocs/yii/framework/base/CApplication.php(162): CWebApplication->processRequest()
#8 /opt/lampp/htdocs/trackstar/index.php(13): CApplication->run()
#9 {main}
REQUEST_URI=/trackstar/projects
---
2012/07/04 03:06:19 [error] [exception.CHttpException.404] exception 'CHttpException' with message 'The requested view "project" was not found.' in /opt/lampp/htdocs/yii/framework/web/actions/CViewAction.php:113
Stack trace:
#0 /opt/lampp/htdocs/yii/framework/web/actions/CViewAction.php(124): CViewAction->resolveView('project')
#1 /opt/lampp/htdocs/yii/framework/web/actions/CAction.php(75): CViewAction->run()
#2 /opt/lampp/htdocs/yii/framework/web/CController.php(309): CAction->runWithParams(Array)
#3 /opt/lampp/htdocs/yii/framework/web/CController.php(287): CController->runAction(Object(CViewAction))
#4 /opt/lampp/htdocs/yii/framework/web/CController.php(266): CController->runActionWithFilters(Object(CViewAction), Array)
#5 /opt/lampp/htdocs/yii/framework/web/CWebApplication.php(276): CController->run('page')
#6 /opt/lampp/htdocs/yii/framework/web/CWebApplication.php(135): CWebApplication->runController('site/page')
#7 /opt/lampp/htdocs/yii/framework/base/CApplication.php(162): CWebApplication->processRequest()
#8 /opt/lampp/htdocs/trackstar/index.php(13): CApplication->run()
#9 {main}
REQUEST_URI=/trackstar/project/
---
2012/07/04 08:42:05 [error] [exception.CException] exception 'CException' with message 'Property "CStringValidator.0" is not defined.' in /opt/lampp/htdocs/yii/framework/base/CComponent.php:174
Stack trace:
#0 /opt/lampp/htdocs/yii/framework/validators/CValidator.php(174): CComponent->__set('0', 'required')
#1 /opt/lampp/htdocs/yii/framework/base/CModel.php(285): CValidator::createValidator('length', Object(Project), 'name', Array)
#2 /opt/lampp/htdocs/yii/framework/base/CModel.php(259): CModel->createValidators()
#3 /opt/lampp/htdocs/yii/framework/base/CModel.php(302): CModel->getValidators('name')
#4 /opt/lampp/htdocs/yii/framework/web/helpers/CHtml.php(1185): CModel->isAttributeRequired('name')
#5 /opt/lampp/htdocs/yii/framework/web/widgets/CActiveForm.php(560): CHtml::activeLabelEx(Object(Project), 'name', Array)
#6 /opt/lampp/htdocs/trackstar/protected/views/project/_form.php(13): CActiveForm->labelEx(Object(Project), 'name')
#7 /opt/lampp/htdocs/yii/framework/web/CBaseController.php(127): require('/opt/lampp/htdo...')
#8 /opt/lampp/htdocs/yii/framework/web/CBaseController.php(96): CBaseController->renderInternal('/opt/lampp/htdo...', Array, true)
#9 /opt/lampp/htdocs/yii/framework/web/CController.php(870): CBaseController->renderFile('/opt/lampp/htdo...', Array, true)
#10 /opt/lampp/htdocs/trackstar/protected/views/project/create.php(15): CController->renderPartial('_form', Array)
#11 /opt/lampp/htdocs/yii/framework/web/CBaseController.php(127): require('/opt/lampp/htdo...')
#12 /opt/lampp/htdocs/yii/framework/web/CBaseController.php(96): CBaseController->renderInternal('/opt/lampp/htdo...', Array, true)
#13 /opt/lampp/htdocs/yii/framework/web/CController.php(870): CBaseController->renderFile('/opt/lampp/htdo...', Array, true)
#14 /opt/lampp/htdocs/yii/framework/web/CController.php(783): CController->renderPartial('create', Array, true)
#15 /opt/lampp/htdocs/trackstar/protected/controllers/ProjectController.php(78): CController->render('create', Array)
#16 /opt/lampp/htdocs/yii/framework/web/actions/CInlineAction.php(50): ProjectController->actionCreate()
#17 /opt/lampp/htdocs/yii/framework/web/CController.php(309): CInlineAction->runWithParams(Array)
#18 /opt/lampp/htdocs/yii/framework/web/filters/CFilterChain.php(134): CController->runAction(Object(CInlineAction))
#19 /opt/lampp/htdocs/yii/framework/web/filters/CFilter.php(41): CFilterChain->run()
#20 /opt/lampp/htdocs/yii/framework/web/CController.php(1146): CFilter->filter(Object(CFilterChain))
#21 /opt/lampp/htdocs/yii/framework/web/filters/CInlineFilter.php(59): CController->filterAccessControl(Object(CFilterChain))
#22 /opt/lampp/htdocs/yii/framework/web/filters/CFilterChain.php(131): CInlineFilter->filter(Object(CFilterChain))
#23 /opt/lampp/htdocs/yii/framework/web/CController.php(292): CFilterChain->run()
#24 /opt/lampp/htdocs/yii/framework/web/CController.php(266): CController->runActionWithFilters(Object(CInlineAction), Array)
#25 /opt/lampp/htdocs/yii/framework/web/CWebApplication.php(276): CController->run('create')
#26 /opt/lampp/htdocs/yii/framework/web/CWebApplication.php(135): CWebApplication->runController('project/create')
#27 /opt/lampp/htdocs/yii/framework/base/CApplication.php(162): CWebApplication->processRequest()
#28 /opt/lampp/htdocs/trackstar/index.php(13): CApplication->run()
#29 {main}
REQUEST_URI=/trackstar/project/create
HTTP_REFERER=http://localhost/trackstar/project/index
---
2012/07/04 08:43:09 [error] [exception.CException] exception 'CException' with message 'Property "CRequiredValidator.0" is not defined.' in /opt/lampp/htdocs/yii/framework/base/CComponent.php:174
Stack trace:
#0 /opt/lampp/htdocs/yii/framework/validators/CValidator.php(174): CComponent->__set('0', 'length')
#1 /opt/lampp/htdocs/yii/framework/base/CModel.php(285): CValidator::createValidator('required', Object(Project), 'name', Array)
#2 /opt/lampp/htdocs/yii/framework/base/CModel.php(259): CModel->createValidators()
#3 /opt/lampp/htdocs/yii/framework/base/CModel.php(302): CModel->getValidators('name')
#4 /opt/lampp/htdocs/yii/framework/web/helpers/CHtml.php(1185): CModel->isAttributeRequired('name')
#5 /opt/lampp/htdocs/yii/framework/web/widgets/CActiveForm.php(560): CHtml::activeLabelEx(Object(Project), 'name', Array)
#6 /opt/lampp/htdocs/trackstar/protected/views/project/_form.php(13): CActiveForm->labelEx(Object(Project), 'name')
#7 /opt/lampp/htdocs/yii/framework/web/CBaseController.php(127): require('/opt/lampp/htdo...')
#8 /opt/lampp/htdocs/yii/framework/web/CBaseController.php(96): CBaseController->renderInternal('/opt/lampp/htdo...', Array, true)
#9 /opt/lampp/htdocs/yii/framework/web/CController.php(870): CBaseController->renderFile('/opt/lampp/htdo...', Array, true)
#10 /opt/lampp/htdocs/trackstar/protected/views/project/create.php(15): CController->renderPartial('_form', Array)
#11 /opt/lampp/htdocs/yii/framework/web/CBaseController.php(127): require('/opt/lampp/htdo...')
#12 /opt/lampp/htdocs/yii/framework/web/CBaseController.php(96): CBaseController->renderInternal('/opt/lampp/htdo...', Array, true)
#13 /opt/lampp/htdocs/yii/framework/web/CController.php(870): CBaseController->renderFile('/opt/lampp/htdo...', Array, true)
#14 /opt/lampp/htdocs/yii/framework/web/CController.php(783): CController->renderPartial('create', Array, true)
#15 /opt/lampp/htdocs/trackstar/protected/controllers/ProjectController.php(78): CController->render('create', Array)
#16 /opt/lampp/htdocs/yii/framework/web/actions/CInlineAction.php(50): ProjectController->actionCreate()
#17 /opt/lampp/htdocs/yii/framework/web/CController.php(309): CInlineAction->runWithParams(Array)
#18 /opt/lampp/htdocs/yii/framework/web/filters/CFilterChain.php(134): CController->runAction(Object(CInlineAction))
#19 /opt/lampp/htdocs/yii/framework/web/filters/CFilter.php(41): CFilterChain->run()
#20 /opt/lampp/htdocs/yii/framework/web/CController.php(1146): CFilter->filter(Object(CFilterChain))
#21 /opt/lampp/htdocs/yii/framework/web/filters/CInlineFilter.php(59): CController->filterAccessControl(Object(CFilterChain))
#22 /opt/lampp/htdocs/yii/framework/web/filters/CFilterChain.php(131): CInlineFilter->filter(Object(CFilterChain))
#23 /opt/lampp/htdocs/yii/framework/web/CController.php(292): CFilterChain->run()
#24 /opt/lampp/htdocs/yii/framework/web/CController.php(266): CController->runActionWithFilters(Object(CInlineAction), Array)
#25 /opt/lampp/htdocs/yii/framework/web/CWebApplication.php(276): CController->run('create')
#26 /opt/lampp/htdocs/yii/framework/web/CWebApplication.php(135): CWebApplication->runController('project/create')
#27 /opt/lampp/htdocs/yii/framework/base/CApplication.php(162): CWebApplication->processRequest()
#28 /opt/lampp/htdocs/trackstar/index.php(13): CApplication->run()
#29 {main}
REQUEST_URI=/trackstar/project/create
HTTP_REFERER=http://localhost/trackstar/project/index
---
2012/07/04 08:43:10 [error] [exception.CException] exception 'CException' with message 'Property "CRequiredValidator.0" is not defined.' in /opt/lampp/htdocs/yii/framework/base/CComponent.php:174
Stack trace:
#0 /opt/lampp/htdocs/yii/framework/validators/CValidator.php(174): CComponent->__set('0', 'length')
#1 /opt/lampp/htdocs/yii/framework/base/CModel.php(285): CValidator::createValidator('required', Object(Project), 'name', Array)
#2 /opt/lampp/htdocs/yii/framework/base/CModel.php(259): CModel->createValidators()
#3 /opt/lampp/htdocs/yii/framework/base/CModel.php(302): CModel->getValidators('name')
#4 /opt/lampp/htdocs/yii/framework/web/helpers/CHtml.php(1185): CModel->isAttributeRequired('name')
#5 /opt/lampp/htdocs/yii/framework/web/widgets/CActiveForm.php(560): CHtml::activeLabelEx(Object(Project), 'name', Array)
#6 /opt/lampp/htdocs/trackstar/protected/views/project/_form.php(13): CActiveForm->labelEx(Object(Project), 'name')
#7 /opt/lampp/htdocs/yii/framework/web/CBaseController.php(127): require('/opt/lampp/htdo...')
#8 /opt/lampp/htdocs/yii/framework/web/CBaseController.php(96): CBaseController->renderInternal('/opt/lampp/htdo...', Array, true)
#9 /opt/lampp/htdocs/yii/framework/web/CController.php(870): CBaseController->renderFile('/opt/lampp/htdo...', Array, true)
#10 /opt/lampp/htdocs/trackstar/protected/views/project/create.php(15): CController->renderPartial('_form', Array)
#11 /opt/lampp/htdocs/yii/framework/web/CBaseController.php(127): require('/opt/lampp/htdo...')
#12 /opt/lampp/htdocs/yii/framework/web/CBaseController.php(96): CBaseController->renderInternal('/opt/lampp/htdo...', Array, true)
#13 /opt/lampp/htdocs/yii/framework/web/CController.php(870): CBaseController->renderFile('/opt/lampp/htdo...', Array, true)
#14 /opt/lampp/htdocs/yii/framework/web/CController.php(783): CController->renderPartial('create', Array, true)
#15 /opt/lampp/htdocs/trackstar/protected/controllers/ProjectController.php(78): CController->render('create', Array)
#16 /opt/lampp/htdocs/yii/framework/web/actions/CInlineAction.php(50): ProjectController->actionCreate()
#17 /opt/lampp/htdocs/yii/framework/web/CController.php(309): CInlineAction->runWithParams(Array)
#18 /opt/lampp/htdocs/yii/framework/web/filters/CFilterChain.php(134): CController->runAction(Object(CInlineAction))
#19 /opt/lampp/htdocs/yii/framework/web/filters/CFilter.php(41): CFilterChain->run()
#20 /opt/lampp/htdocs/yii/framework/web/CController.php(1146): CFilter->filter(Object(CFilterChain))
#21 /opt/lampp/htdocs/yii/framework/web/filters/CInlineFilter.php(59): CController->filterAccessControl(Object(CFilterChain))
#22 /opt/lampp/htdocs/yii/framework/web/filters/CFilterChain.php(131): CInlineFilter->filter(Object(CFilterChain))
#23 /opt/lampp/htdocs/yii/framework/web/CController.php(292): CFilterChain->run()
#24 /opt/lampp/htdocs/yii/framework/web/CController.php(266): CController->runActionWithFilters(Object(CInlineAction), Array)
#25 /opt/lampp/htdocs/yii/framework/web/CWebApplication.php(276): CController->run('create')
#26 /opt/lampp/htdocs/yii/framework/web/CWebApplication.php(135): CWebApplication->runController('project/create')
#27 /opt/lampp/htdocs/yii/framework/base/CApplication.php(162): CWebApplication->processRequest()
#28 /opt/lampp/htdocs/trackstar/index.php(13): CApplication->run()
#29 {main}
REQUEST_URI=/trackstar/project/create
HTTP_REFERER=http://localhost/trackstar/project/index
---
2012/07/04 08:45:28 [error] [php] include(create_user_id.php) [<a href='function.include'>function.include</a>]: failed to open stream: No such file or directory (/opt/lampp/htdocs/yii/framework/YiiBase.php:418)
Stack trace:
#0 /opt/lampp/htdocs/yii/framework/validators/CValidator.php(171): import()
#1 /opt/lampp/htdocs/yii/framework/base/CModel.php(285): createValidator()
#2 /opt/lampp/htdocs/yii/framework/base/CModel.php(259): Project->createValidators()
#3 /opt/lampp/htdocs/yii/framework/base/CModel.php(302): Project->getValidators()
#4 /opt/lampp/htdocs/yii/framework/web/helpers/CHtml.php(1185): Project->isAttributeRequired()
#5 /opt/lampp/htdocs/yii/framework/web/widgets/CActiveForm.php(560): activeLabelEx()
#6 /opt/lampp/htdocs/trackstar/protected/views/project/_form.php(13): CActiveForm->labelEx()
#7 /opt/lampp/htdocs/yii/framework/web/CBaseController.php(127): require()
#8 /opt/lampp/htdocs/yii/framework/web/CBaseController.php(96): ProjectController->renderInternal()
#9 /opt/lampp/htdocs/yii/framework/web/CController.php(870): ProjectController->renderFile()
#10 /opt/lampp/htdocs/trackstar/protected/views/project/create.php(15): ProjectController->renderPartial()
#11 /opt/lampp/htdocs/yii/framework/web/CBaseController.php(127): require()
#12 /opt/lampp/htdocs/yii/framework/web/CBaseController.php(96): ProjectController->renderInternal()
#13 /opt/lampp/htdocs/yii/framework/web/CController.php(870): ProjectController->renderFile()
#14 /opt/lampp/htdocs/yii/framework/web/CController.php(783): ProjectController->renderPartial()
#15 /opt/lampp/htdocs/trackstar/protected/controllers/ProjectController.php(78): ProjectController->render()
#16 /opt/lampp/htdocs/yii/framework/web/actions/CInlineAction.php(50): ProjectController->actionCreate()
#17 /opt/lampp/htdocs/yii/framework/web/CController.php(309): CInlineAction->runWithParams()
#18 /opt/lampp/htdocs/yii/framework/web/filters/CFilterChain.php(134): ProjectController->runAction()
#19 /opt/lampp/htdocs/yii/framework/web/filters/CFilter.php(41): CFilterChain->run()
#20 /opt/lampp/htdocs/yii/framework/web/CController.php(1146): CAccessControlFilter->filter()
#21 /opt/lampp/htdocs/yii/framework/web/filters/CInlineFilter.php(59): ProjectController->filterAccessControl()
#22 /opt/lampp/htdocs/yii/framework/web/filters/CFilterChain.php(131): CInlineFilter->filter()
#23 /opt/lampp/htdocs/yii/framework/web/CController.php(292): CFilterChain->run()
#24 /opt/lampp/htdocs/yii/framework/web/CController.php(266): ProjectController->runActionWithFilters()
#25 /opt/lampp/htdocs/yii/framework/web/CWebApplication.php(276): ProjectController->run()
#26 /opt/lampp/htdocs/yii/framework/web/CWebApplication.php(135): CWebApplication->runController()
#27 /opt/lampp/htdocs/yii/framework/base/CApplication.php(162): CWebApplication->processRequest()
#28 /opt/lampp/htdocs/trackstar/index.php(13): CWebApplication->run()
REQUEST_URI=/trackstar/project/create
in /opt/lampp/htdocs/trackstar/protected/views/project/_form.php (13)
in /opt/lampp/htdocs/trackstar/protected/views/project/create.php (15)
in /opt/lampp/htdocs/trackstar/protected/controllers/ProjectController.php (78)
2012/07/04 12:18:49 [error] [exception.CHttpException.404] exception 'CHttpException' with message 'Unable to resolve the request "gii/crud.html".' in /opt/lampp/htdocs/yii/framework/web/CWebApplication.php:280
Stack trace:
#0 /opt/lampp/htdocs/yii/framework/web/CWebApplication.php(135): CWebApplication->runController('gii/crud.html')
#1 /opt/lampp/htdocs/yii/framework/base/CApplication.php(162): CWebApplication->processRequest()
#2 /opt/lampp/htdocs/trackstar/index.php(13): CApplication->run()
#3 {main}
REQUEST_URI=/trackstar/gii/crud.html
HTTP_REFERER=http://localhost/trackstar/gii/crud.html
---
2012/07/04 12:20:44 [error] [exception.CHttpException.404] exception 'CHttpException' with message 'Unable to resolve the request "gii/crud.html".' in /opt/lampp/htdocs/yii/framework/web/CWebApplication.php:280
Stack trace:
#0 /opt/lampp/htdocs/yii/framework/web/CWebApplication.php(135): CWebApplication->runController('gii/crud.html')
#1 /opt/lampp/htdocs/yii/framework/base/CApplication.php(162): CWebApplication->processRequest()
#2 /opt/lampp/htdocs/trackstar/index.php(13): CApplication->run()
#3 {main}
REQUEST_URI=/trackstar/gii/crud.html
---
